<?xml version="1.0" encoding="UTF-8"?>
<testsuite name="topen.khjs.howtoearth.HowToEarthApplicationTests" tests="1" skipped="0" failures="0" errors="0" timestamp="2023-11-16T17:09:45" hostname="DESKTOP-N7OQ2NL" time="1.106">
  <properties/>
  <testcase name="contextLoads()" classname="topen.khjs.howtoearth.HowToEarthApplicationTests" time="1.106"/>
  <system-out><![CDATA[02:09:42,310 |-INFO in ch.qos.logback.classic.LoggerContext[default] - This is logback-classic version 1.4.8
02:09:42,339 |-INFO in ch.qos.logback.classic.LoggerContext[default] - Could NOT find resource [logback-test.xml]
02:09:42,342 |-INFO in ch.qos.logback.classic.LoggerContext[default] - Found resource [logback.xml] at [file:/C:/Users/topenMacWin0330/IdeaProjects/HowToEarth/build/resources/main/logback.xml]
02:09:42,471 |-INFO in ch.qos.logback.classic.model.processor.ConfigurationModelHandler - Registering a new ReconfigureOnChangeTask ReconfigureOnChangeTask(born:1700154582468)
02:09:42,471 |-INFO in ch.qos.logback.classic.model.processor.ConfigurationModelHandler - Will scan for changes in [file:/C:/Users/topenMacWin0330/IdeaProjects/HowToEarth/build/resources/main/logback.xml] 
02:09:42,471 |-INFO in ch.qos.logback.classic.model.processor.ConfigurationModelHandler - Setting ReconfigureOnChangeTask scanning period to 30 seconds
02:09:42,476 |-INFO in ch.qos.logback.core.model.processor.AppenderModelHandler - Processing appender named [ROLLING]
02:09:42,476 |-INFO in ch.qos.logback.core.model.processor.AppenderModelHandler - About to instantiate appender of type [ch.qos.logback.core.rolling.RollingFileAppender]
02:09:42,516 |-INFO in c.q.l.core.rolling.TimeBasedRollingPolicy@1545077099 - No compression will be used
02:09:42,517 |-INFO in c.q.l.core.rolling.TimeBasedRollingPolicy@1545077099 - Will use the pattern ./log/logback/logback-%d{yyyy-MM-dd}.%i.log for the active file
02:09:42,521 |-INFO in ch.qos.logback.core.rolling.SizeAndTimeBasedFNATP@33aeca0b - The date pattern is 'yyyy-MM-dd' from file name pattern './log/logback/logback-%d{yyyy-MM-dd}.%i.log'.
02:09:42,521 |-INFO in ch.qos.logback.core.rolling.SizeAndTimeBasedFNATP@33aeca0b - Roll-over at midnight.
02:09:42,522 |-INFO in ch.qos.logback.core.rolling.SizeAndTimeBasedFNATP@33aeca0b - Setting initial period to 2023-11-16T17:09:42.521Z
02:09:42,522 |-WARN in ch.qos.logback.core.rolling.SizeAndTimeBasedFNATP@33aeca0b - SizeAndTimeBasedFNATP is deprecated. Use SizeAndTimeBasedRollingPolicy instead
02:09:42,522 |-WARN in ch.qos.logback.core.rolling.SizeAndTimeBasedFNATP@33aeca0b - For more information see http://logback.qos.ch/manual/appenders.html#SizeAndTimeBasedRollingPolicy
02:09:42,525 |-INFO in ch.qos.logback.core.model.processor.ImplicitModelHandler - Assuming default type [ch.qos.logback.classic.encoder.PatternLayoutEncoder] for [encoder] property
02:09:42,546 |-INFO in ch.qos.logback.core.rolling.RollingFileAppender[ROLLING] - Active log file name: ./log/logback/logback-2023-11-17.0.log
02:09:42,546 |-INFO in ch.qos.logback.core.rolling.RollingFileAppender[ROLLING] - File property is set to [null]
02:09:42,548 |-INFO in ch.qos.logback.core.model.processor.AppenderModelHandler - Processing appender named [STDOUT]
02:09:42,548 |-INFO in ch.qos.logback.core.model.processor.AppenderModelHandler - About to instantiate appender of type [ch.qos.logback.core.ConsoleAppender]
02:09:42,551 |-WARN in ch.qos.logback.core.ConsoleAppender[STDOUT] - This appender no longer admits a layout as a sub-component, set an encoder instead.
02:09:42,551 |-WARN in ch.qos.logback.core.ConsoleAppender[STDOUT] - To ensure compatibility, wrapping your layout in LayoutWrappingEncoder.
02:09:42,551 |-WARN in ch.qos.logback.core.ConsoleAppender[STDOUT] - See also http://logback.qos.ch/codes.html#layoutInsteadOfEncoder for details
02:09:42,551 |-INFO in ch.qos.logback.classic.model.processor.RootLoggerModelHandler - Setting level of ROOT logger to INFO
02:09:42,552 |-INFO in ch.qos.logback.core.model.processor.AppenderRefModelHandler - Attaching appender named [ROLLING] to Logger[ROOT]
02:09:42,552 |-INFO in ch.qos.logback.core.model.processor.AppenderRefModelHandler - Attaching appender named [STDOUT] to Logger[ROOT]
02:09:42,553 |-INFO in ch.qos.logback.core.model.processor.DefaultProcessor@43aaf813 - End of configuration.
02:09:42,553 |-INFO in ch.qos.logback.classic.joran.JoranConfigurator@57ac5227 - Registering current configuration as safe fallback point

02:09:42.705 [INFO ] - Could not detect default configuration classes for test class [topen.khjs.howtoearth.HowToEarthApplicationTests]: HowToEarthApplicationTests does not declare any static, non-private, non-final, nested classes annotated with @Configuration.
02:09:42.885 [INFO ] - Found @SpringBootConfiguration topen.khjs.howtoearth.HowToEarthApplication for test class topen.khjs.howtoearth.HowToEarthApplicationTests
02:09:42,310 |-INFO in ch.qos.logback.classic.LoggerContext[default] - This is logback-classic version 1.4.8
02:09:42,339 |-INFO in ch.qos.logback.classic.LoggerContext[default] - Could NOT find resource [logback-test.xml]
02:09:42,342 |-INFO in ch.qos.logback.classic.LoggerContext[default] - Found resource [logback.xml] at [file:/C:/Users/topenMacWin0330/IdeaProjects/HowToEarth/build/resources/main/logback.xml]
02:09:42,471 |-INFO in ch.qos.logback.classic.model.processor.ConfigurationModelHandler - Registering a new ReconfigureOnChangeTask ReconfigureOnChangeTask(born:1700154582468)
02:09:42,471 |-INFO in ch.qos.logback.classic.model.processor.ConfigurationModelHandler - Will scan for changes in [file:/C:/Users/topenMacWin0330/IdeaProjects/HowToEarth/build/resources/main/logback.xml] 
02:09:42,471 |-INFO in ch.qos.logback.classic.model.processor.ConfigurationModelHandler - Setting ReconfigureOnChangeTask scanning period to 30 seconds
02:09:42,476 |-INFO in ch.qos.logback.core.model.processor.AppenderModelHandler - Processing appender named [ROLLING]
02:09:42,476 |-INFO in ch.qos.logback.core.model.processor.AppenderModelHandler - About to instantiate appender of type [ch.qos.logback.core.rolling.RollingFileAppender]
02:09:42,516 |-INFO in c.q.l.core.rolling.TimeBasedRollingPolicy@1545077099 - No compression will be used
02:09:42,517 |-INFO in c.q.l.core.rolling.TimeBasedRollingPolicy@1545077099 - Will use the pattern ./log/logback/logback-%d{yyyy-MM-dd}.%i.log for the active file
02:09:42,521 |-INFO in ch.qos.logback.core.rolling.SizeAndTimeBasedFNATP@33aeca0b - The date pattern is 'yyyy-MM-dd' from file name pattern './log/logback/logback-%d{yyyy-MM-dd}.%i.log'.
02:09:42,521 |-INFO in ch.qos.logback.core.rolling.SizeAndTimeBasedFNATP@33aeca0b - Roll-over at midnight.
02:09:42,522 |-INFO in ch.qos.logback.core.rolling.SizeAndTimeBasedFNATP@33aeca0b - Setting initial period to 2023-11-16T17:09:42.521Z
02:09:42,522 |-WARN in ch.qos.logback.core.rolling.SizeAndTimeBasedFNATP@33aeca0b - SizeAndTimeBasedFNATP is deprecated. Use SizeAndTimeBasedRollingPolicy instead
02:09:42,522 |-WARN in ch.qos.logback.core.rolling.SizeAndTimeBasedFNATP@33aeca0b - For more information see http://logback.qos.ch/manual/appenders.html#SizeAndTimeBasedRollingPolicy
02:09:42,525 |-INFO in ch.qos.logback.core.model.processor.ImplicitModelHandler - Assuming default type [ch.qos.logback.classic.encoder.PatternLayoutEncoder] for [encoder] property
02:09:42,546 |-INFO in ch.qos.logback.core.rolling.RollingFileAppender[ROLLING] - Active log file name: ./log/logback/logback-2023-11-17.0.log
02:09:42,546 |-INFO in ch.qos.logback.core.rolling.RollingFileAppender[ROLLING] - File property is set to [null]
02:09:42,548 |-INFO in ch.qos.logback.core.model.processor.AppenderModelHandler - Processing appender named [STDOUT]
02:09:42,548 |-INFO in ch.qos.logback.core.model.processor.AppenderModelHandler - About to instantiate appender of type [ch.qos.logback.core.ConsoleAppender]
02:09:42,551 |-WARN in ch.qos.logback.core.ConsoleAppender[STDOUT] - This appender no longer admits a layout as a sub-component, set an encoder instead.
02:09:42,551 |-WARN in ch.qos.logback.core.ConsoleAppender[STDOUT] - To ensure compatibility, wrapping your layout in LayoutWrappingEncoder.
02:09:42,551 |-WARN in ch.qos.logback.core.ConsoleAppender[STDOUT] - See also http://logback.qos.ch/codes.html#layoutInsteadOfEncoder for details
02:09:42,551 |-INFO in ch.qos.logback.classic.model.processor.RootLoggerModelHandler - Setting level of ROOT logger to INFO
02:09:42,552 |-INFO in ch.qos.logback.core.model.processor.AppenderRefModelHandler - Attaching appender named [ROLLING] to Logger[ROOT]
02:09:42,552 |-INFO in ch.qos.logback.core.model.processor.AppenderRefModelHandler - Attaching appender named [STDOUT] to Logger[ROOT]
02:09:42,553 |-INFO in ch.qos.logback.core.model.processor.DefaultProcessor@43aaf813 - End of configuration.
02:09:42,553 |-INFO in ch.qos.logback.classic.joran.JoranConfigurator@57ac5227 - Registering current configuration as safe fallback point
02:09:43,321 |-INFO in ch.qos.logback.classic.model.processor.ConfigurationModelHandler - Registering a new ReconfigureOnChangeTask ReconfigureOnChangeTask(born:1700154583321)
02:09:43,321 |-INFO in ch.qos.logback.classic.model.processor.ConfigurationModelHandler - Will scan for changes in [file:/C:/Users/topenMacWin0330/IdeaProjects/HowToEarth/build/resources/main/logback.xml] 
02:09:43,321 |-INFO in ch.qos.logback.classic.model.processor.ConfigurationModelHandler - Setting ReconfigureOnChangeTask scanning period to 30 seconds
02:09:43,321 |-INFO in ch.qos.logback.core.model.processor.AppenderModelHandler - Processing appender named [ROLLING]
02:09:43,321 |-INFO in ch.qos.logback.core.model.processor.AppenderModelHandler - About to instantiate appender of type [ch.qos.logback.core.rolling.RollingFileAppender]
02:09:43,322 |-INFO in c.q.l.core.rolling.TimeBasedRollingPolicy@990442552 - No compression will be used
02:09:43,323 |-INFO in c.q.l.core.rolling.TimeBasedRollingPolicy@990442552 - Will use the pattern ./log/logback/logback-%d{yyyy-MM-dd}.%i.log for the active file
02:09:43,323 |-INFO in ch.qos.logback.core.rolling.SizeAndTimeBasedFNATP@2bac9ba - The date pattern is 'yyyy-MM-dd' from file name pattern './log/logback/logback-%d{yyyy-MM-dd}.%i.log'.
02:09:43,323 |-INFO in ch.qos.logback.core.rolling.SizeAndTimeBasedFNATP@2bac9ba - Roll-over at midnight.
02:09:43,323 |-INFO in ch.qos.logback.core.rolling.SizeAndTimeBasedFNATP@2bac9ba - Setting initial period to 2023-11-16T17:09:43.323Z
02:09:43,323 |-WARN in ch.qos.logback.core.rolling.SizeAndTimeBasedFNATP@2bac9ba - SizeAndTimeBasedFNATP is deprecated. Use SizeAndTimeBasedRollingPolicy instead
02:09:43,323 |-WARN in ch.qos.logback.core.rolling.SizeAndTimeBasedFNATP@2bac9ba - For more information see http://logback.qos.ch/manual/appenders.html#SizeAndTimeBasedRollingPolicy
02:09:43,324 |-INFO in ch.qos.logback.core.model.processor.ImplicitModelHandler - Assuming default type [ch.qos.logback.classic.encoder.PatternLayoutEncoder] for [encoder] property
02:09:43,326 |-INFO in ch.qos.logback.core.rolling.RollingFileAppender[ROLLING] - Active log file name: ./log/logback/logback-2023-11-17.0.log
02:09:43,326 |-INFO in ch.qos.logback.core.rolling.RollingFileAppender[ROLLING] - File property is set to [null]
02:09:43,326 |-INFO in ch.qos.logback.core.model.processor.AppenderModelHandler - Processing appender named [STDOUT]
02:09:43,326 |-INFO in ch.qos.logback.core.model.processor.AppenderModelHandler - About to instantiate appender of type [ch.qos.logback.core.ConsoleAppender]
02:09:43,326 |-WARN in ch.qos.logback.core.ConsoleAppender[STDOUT] - This appender no longer admits a layout as a sub-component, set an encoder instead.
02:09:43,326 |-WARN in ch.qos.logback.core.ConsoleAppender[STDOUT] - To ensure compatibility, wrapping your layout in LayoutWrappingEncoder.
02:09:43,326 |-WARN in ch.qos.logback.core.ConsoleAppender[STDOUT] - See also http://logback.qos.ch/codes.html#layoutInsteadOfEncoder for details
02:09:43,326 |-INFO in ch.qos.logback.classic.model.processor.RootLoggerModelHandler - Setting level of ROOT logger to INFO
02:09:43,326 |-INFO in ch.qos.logback.classic.jul.LevelChangePropagator@5b2f8ab6 - Propagating INFO level on Logger[ROOT] onto the JUL framework
02:09:43,327 |-INFO in ch.qos.logback.core.model.processor.AppenderRefModelHandler - Attaching appender named [ROLLING] to Logger[ROOT]
02:09:43,327 |-INFO in ch.qos.logback.core.model.processor.AppenderRefModelHandler - Attaching appender named [STDOUT] to Logger[ROOT]
02:09:43,327 |-INFO in ch.qos.logback.core.model.processor.DefaultProcessor@5bdd5689 - End of configuration.
02:09:43,327 |-INFO in org.springframework.boot.logging.logback.SpringBootJoranConfigurator@2788d0fe - Registering current configuration as safe fallback point


  .   ____          _            __ _ _
 /\\ / ___'_ __ _ _(_)_ __  __ _ \ \ \ \
( ( )\___ | '_ | '_| | '_ \/ _` | \ \ \ \
 \\/  ___)| |_)| | | | | || (_| |  ) ) ) )
  '  |____| .__|_| |_|_| |_\__, | / / / /
 =========|_|==============|___/=/_/_/_/
 :: Spring Boot ::                (v3.1.1)

02:09:43.423 [INFO ] - Starting HowToEarthApplicationTests using Java 19.0.2 with PID 4776 (started by topenMacWin0330 in C:\Users\topenMacWin0330\IdeaProjects\HowToEarth)
02:09:43.424 [INFO ] - No active profile set, falling back to 1 default profile: "default"
02:09:45.254 [INFO ] - Adding welcome page: class path resource [static/index.html]
02:09:45.708 [INFO ] - Exposing 1 endpoint(s) beneath base path '/actuator'
02:09:45.782 [INFO ] - Started HowToEarthApplicationTests in 2.677 seconds (process running for 4.334)
Hello. WOrld!]]></system-out>
  <system-err><![CDATA[]]></system-err>
</testsuite>
