<?xml version="1.0" encoding="UTF-8"?>
<testsuite name="topen.khjs.howtoearth.HowToEarthApplicationTests" tests="1" skipped="0" failures="0" errors="0" timestamp="2023-11-16T17:45:58" hostname="DESKTOP-N7OQ2NL" time="0.863">
  <properties/>
  <testcase name="contextLoads()" classname="topen.khjs.howtoearth.HowToEarthApplicationTests" time="0.863"/>
  <system-out><![CDATA[02:45:56,072 |-INFO in ch.qos.logback.classic.LoggerContext[default] - This is logback-classic version 1.4.8
02:45:56,098 |-INFO in ch.qos.logback.classic.LoggerContext[default] - Could NOT find resource [logback-test.xml]
02:45:56,101 |-INFO in ch.qos.logback.classic.LoggerContext[default] - Found resource [logback.xml] at [file:/C:/Users/topenMacWin0330/IdeaProjects/HowToEarth/build/resources/main/logback.xml]
02:45:56,219 |-INFO in ch.qos.logback.classic.model.processor.ConfigurationModelHandler - Registering a new ReconfigureOnChangeTask ReconfigureOnChangeTask(born:1700156756216)
02:45:56,219 |-INFO in ch.qos.logback.classic.model.processor.ConfigurationModelHandler - Will scan for changes in [file:/C:/Users/topenMacWin0330/IdeaProjects/HowToEarth/build/resources/main/logback.xml] 
02:45:56,219 |-INFO in ch.qos.logback.classic.model.processor.ConfigurationModelHandler - Setting ReconfigureOnChangeTask scanning period to 30 seconds
02:45:56,224 |-INFO in ch.qos.logback.core.model.processor.AppenderModelHandler - Processing appender named [ROLLING]
02:45:56,224 |-INFO in ch.qos.logback.core.model.processor.AppenderModelHandler - About to instantiate appender of type [ch.qos.logback.core.rolling.RollingFileAppender]
02:45:56,259 |-INFO in c.q.l.core.rolling.TimeBasedRollingPolicy@1545077099 - No compression will be used
02:45:56,260 |-INFO in c.q.l.core.rolling.TimeBasedRollingPolicy@1545077099 - Will use the pattern ./log/logback/logback-%d{yyyy-MM-dd}.%i.log for the active file
02:45:56,263 |-INFO in ch.qos.logback.core.rolling.SizeAndTimeBasedFNATP@33aeca0b - The date pattern is 'yyyy-MM-dd' from file name pattern './log/logback/logback-%d{yyyy-MM-dd}.%i.log'.
02:45:56,263 |-INFO in ch.qos.logback.core.rolling.SizeAndTimeBasedFNATP@33aeca0b - Roll-over at midnight.
02:45:56,264 |-INFO in ch.qos.logback.core.rolling.SizeAndTimeBasedFNATP@33aeca0b - Setting initial period to 2023-11-16T17:45:56.264Z
02:45:56,264 |-WARN in ch.qos.logback.core.rolling.SizeAndTimeBasedFNATP@33aeca0b - SizeAndTimeBasedFNATP is deprecated. Use SizeAndTimeBasedRollingPolicy instead
02:45:56,264 |-WARN in ch.qos.logback.core.rolling.SizeAndTimeBasedFNATP@33aeca0b - For more information see http://logback.qos.ch/manual/appenders.html#SizeAndTimeBasedRollingPolicy
02:45:56,268 |-INFO in ch.qos.logback.core.model.processor.ImplicitModelHandler - Assuming default type [ch.qos.logback.classic.encoder.PatternLayoutEncoder] for [encoder] property
02:45:56,286 |-INFO in ch.qos.logback.core.rolling.RollingFileAppender[ROLLING] - Active log file name: ./log/logback/logback-2023-11-17.0.log
02:45:56,286 |-INFO in ch.qos.logback.core.rolling.RollingFileAppender[ROLLING] - File property is set to [null]
02:45:56,287 |-INFO in ch.qos.logback.core.model.processor.AppenderModelHandler - Processing appender named [STDOUT]
02:45:56,287 |-INFO in ch.qos.logback.core.model.processor.AppenderModelHandler - About to instantiate appender of type [ch.qos.logback.core.ConsoleAppender]
02:45:56,290 |-WARN in ch.qos.logback.core.ConsoleAppender[STDOUT] - This appender no longer admits a layout as a sub-component, set an encoder instead.
02:45:56,290 |-WARN in ch.qos.logback.core.ConsoleAppender[STDOUT] - To ensure compatibility, wrapping your layout in LayoutWrappingEncoder.
02:45:56,290 |-WARN in ch.qos.logback.core.ConsoleAppender[STDOUT] - See also http://logback.qos.ch/codes.html#layoutInsteadOfEncoder for details
02:45:56,290 |-INFO in ch.qos.logback.classic.model.processor.RootLoggerModelHandler - Setting level of ROOT logger to INFO
02:45:56,290 |-INFO in ch.qos.logback.core.model.processor.AppenderRefModelHandler - Attaching appender named [ROLLING] to Logger[ROOT]
02:45:56,291 |-INFO in ch.qos.logback.core.model.processor.AppenderRefModelHandler - Attaching appender named [STDOUT] to Logger[ROOT]
02:45:56,291 |-INFO in ch.qos.logback.core.model.processor.DefaultProcessor@43aaf813 - End of configuration.
02:45:56,291 |-INFO in ch.qos.logback.classic.joran.JoranConfigurator@57ac5227 - Registering current configuration as safe fallback point

02:45:56.399 [INFO ] - Could not detect default configuration classes for test class [topen.khjs.howtoearth.HowToEarthApplicationTests]: HowToEarthApplicationTests does not declare any static, non-private, non-final, nested classes annotated with @Configuration.
02:45:56.529 [INFO ] - Found @SpringBootConfiguration topen.khjs.howtoearth.HowToEarthApplication for test class topen.khjs.howtoearth.HowToEarthApplicationTests
02:45:56,072 |-INFO in ch.qos.logback.classic.LoggerContext[default] - This is logback-classic version 1.4.8
02:45:56,098 |-INFO in ch.qos.logback.classic.LoggerContext[default] - Could NOT find resource [logback-test.xml]
02:45:56,101 |-INFO in ch.qos.logback.classic.LoggerContext[default] - Found resource [logback.xml] at [file:/C:/Users/topenMacWin0330/IdeaProjects/HowToEarth/build/resources/main/logback.xml]
02:45:56,219 |-INFO in ch.qos.logback.classic.model.processor.ConfigurationModelHandler - Registering a new ReconfigureOnChangeTask ReconfigureOnChangeTask(born:1700156756216)
02:45:56,219 |-INFO in ch.qos.logback.classic.model.processor.ConfigurationModelHandler - Will scan for changes in [file:/C:/Users/topenMacWin0330/IdeaProjects/HowToEarth/build/resources/main/logback.xml] 
02:45:56,219 |-INFO in ch.qos.logback.classic.model.processor.ConfigurationModelHandler - Setting ReconfigureOnChangeTask scanning period to 30 seconds
02:45:56,224 |-INFO in ch.qos.logback.core.model.processor.AppenderModelHandler - Processing appender named [ROLLING]
02:45:56,224 |-INFO in ch.qos.logback.core.model.processor.AppenderModelHandler - About to instantiate appender of type [ch.qos.logback.core.rolling.RollingFileAppender]
02:45:56,259 |-INFO in c.q.l.core.rolling.TimeBasedRollingPolicy@1545077099 - No compression will be used
02:45:56,260 |-INFO in c.q.l.core.rolling.TimeBasedRollingPolicy@1545077099 - Will use the pattern ./log/logback/logback-%d{yyyy-MM-dd}.%i.log for the active file
02:45:56,263 |-INFO in ch.qos.logback.core.rolling.SizeAndTimeBasedFNATP@33aeca0b - The date pattern is 'yyyy-MM-dd' from file name pattern './log/logback/logback-%d{yyyy-MM-dd}.%i.log'.
02:45:56,263 |-INFO in ch.qos.logback.core.rolling.SizeAndTimeBasedFNATP@33aeca0b - Roll-over at midnight.
02:45:56,264 |-INFO in ch.qos.logback.core.rolling.SizeAndTimeBasedFNATP@33aeca0b - Setting initial period to 2023-11-16T17:45:56.264Z
02:45:56,264 |-WARN in ch.qos.logback.core.rolling.SizeAndTimeBasedFNATP@33aeca0b - SizeAndTimeBasedFNATP is deprecated. Use SizeAndTimeBasedRollingPolicy instead
02:45:56,264 |-WARN in ch.qos.logback.core.rolling.SizeAndTimeBasedFNATP@33aeca0b - For more information see http://logback.qos.ch/manual/appenders.html#SizeAndTimeBasedRollingPolicy
02:45:56,268 |-INFO in ch.qos.logback.core.model.processor.ImplicitModelHandler - Assuming default type [ch.qos.logback.classic.encoder.PatternLayoutEncoder] for [encoder] property
02:45:56,286 |-INFO in ch.qos.logback.core.rolling.RollingFileAppender[ROLLING] - Active log file name: ./log/logback/logback-2023-11-17.0.log
02:45:56,286 |-INFO in ch.qos.logback.core.rolling.RollingFileAppender[ROLLING] - File property is set to [null]
02:45:56,287 |-INFO in ch.qos.logback.core.model.processor.AppenderModelHandler - Processing appender named [STDOUT]
02:45:56,287 |-INFO in ch.qos.logback.core.model.processor.AppenderModelHandler - About to instantiate appender of type [ch.qos.logback.core.ConsoleAppender]
02:45:56,290 |-WARN in ch.qos.logback.core.ConsoleAppender[STDOUT] - This appender no longer admits a layout as a sub-component, set an encoder instead.
02:45:56,290 |-WARN in ch.qos.logback.core.ConsoleAppender[STDOUT] - To ensure compatibility, wrapping your layout in LayoutWrappingEncoder.
02:45:56,290 |-WARN in ch.qos.logback.core.ConsoleAppender[STDOUT] - See also http://logback.qos.ch/codes.html#layoutInsteadOfEncoder for details
02:45:56,290 |-INFO in ch.qos.logback.classic.model.processor.RootLoggerModelHandler - Setting level of ROOT logger to INFO
02:45:56,290 |-INFO in ch.qos.logback.core.model.processor.AppenderRefModelHandler - Attaching appender named [ROLLING] to Logger[ROOT]
02:45:56,291 |-INFO in ch.qos.logback.core.model.processor.AppenderRefModelHandler - Attaching appender named [STDOUT] to Logger[ROOT]
02:45:56,291 |-INFO in ch.qos.logback.core.model.processor.DefaultProcessor@43aaf813 - End of configuration.
02:45:56,291 |-INFO in ch.qos.logback.classic.joran.JoranConfigurator@57ac5227 - Registering current configuration as safe fallback point
02:45:56,870 |-INFO in ch.qos.logback.classic.model.processor.ConfigurationModelHandler - Registering a new ReconfigureOnChangeTask ReconfigureOnChangeTask(born:1700156756870)
02:45:56,870 |-INFO in ch.qos.logback.classic.model.processor.ConfigurationModelHandler - Will scan for changes in [file:/C:/Users/topenMacWin0330/IdeaProjects/HowToEarth/build/resources/main/logback.xml] 
02:45:56,870 |-INFO in ch.qos.logback.classic.model.processor.ConfigurationModelHandler - Setting ReconfigureOnChangeTask scanning period to 30 seconds
02:45:56,871 |-INFO in ch.qos.logback.core.model.processor.AppenderModelHandler - Processing appender named [ROLLING]
02:45:56,871 |-INFO in ch.qos.logback.core.model.processor.AppenderModelHandler - About to instantiate appender of type [ch.qos.logback.core.rolling.RollingFileAppender]
02:45:56,872 |-INFO in c.q.l.core.rolling.TimeBasedRollingPolicy@1799831668 - No compression will be used
02:45:56,872 |-INFO in c.q.l.core.rolling.TimeBasedRollingPolicy@1799831668 - Will use the pattern ./log/logback/logback-%d{yyyy-MM-dd}.%i.log for the active file
02:45:56,872 |-INFO in ch.qos.logback.core.rolling.SizeAndTimeBasedFNATP@108531c2 - The date pattern is 'yyyy-MM-dd' from file name pattern './log/logback/logback-%d{yyyy-MM-dd}.%i.log'.
02:45:56,872 |-INFO in ch.qos.logback.core.rolling.SizeAndTimeBasedFNATP@108531c2 - Roll-over at midnight.
02:45:56,872 |-INFO in ch.qos.logback.core.rolling.SizeAndTimeBasedFNATP@108531c2 - Setting initial period to 2023-11-16T17:45:56.872Z
02:45:56,872 |-WARN in ch.qos.logback.core.rolling.SizeAndTimeBasedFNATP@108531c2 - SizeAndTimeBasedFNATP is deprecated. Use SizeAndTimeBasedRollingPolicy instead
02:45:56,872 |-WARN in ch.qos.logback.core.rolling.SizeAndTimeBasedFNATP@108531c2 - For more information see http://logback.qos.ch/manual/appenders.html#SizeAndTimeBasedRollingPolicy
02:45:56,873 |-INFO in ch.qos.logback.core.model.processor.ImplicitModelHandler - Assuming default type [ch.qos.logback.classic.encoder.PatternLayoutEncoder] for [encoder] property
02:45:56,873 |-INFO in ch.qos.logback.core.rolling.RollingFileAppender[ROLLING] - Active log file name: ./log/logback/logback-2023-11-17.0.log
02:45:56,873 |-INFO in ch.qos.logback.core.rolling.RollingFileAppender[ROLLING] - File property is set to [null]
02:45:56,874 |-INFO in ch.qos.logback.core.model.processor.AppenderModelHandler - Processing appender named [STDOUT]
02:45:56,874 |-INFO in ch.qos.logback.core.model.processor.AppenderModelHandler - About to instantiate appender of type [ch.qos.logback.core.ConsoleAppender]
02:45:56,874 |-WARN in ch.qos.logback.core.ConsoleAppender[STDOUT] - This appender no longer admits a layout as a sub-component, set an encoder instead.
02:45:56,874 |-WARN in ch.qos.logback.core.ConsoleAppender[STDOUT] - To ensure compatibility, wrapping your layout in LayoutWrappingEncoder.
02:45:56,874 |-WARN in ch.qos.logback.core.ConsoleAppender[STDOUT] - See also http://logback.qos.ch/codes.html#layoutInsteadOfEncoder for details
02:45:56,874 |-INFO in ch.qos.logback.classic.model.processor.RootLoggerModelHandler - Setting level of ROOT logger to INFO
02:45:56,875 |-INFO in ch.qos.logback.classic.jul.LevelChangePropagator@48b22fd4 - Propagating INFO level on Logger[ROOT] onto the JUL framework
02:45:56,875 |-INFO in ch.qos.logback.core.model.processor.AppenderRefModelHandler - Attaching appender named [ROLLING] to Logger[ROOT]
02:45:56,875 |-INFO in ch.qos.logback.core.model.processor.AppenderRefModelHandler - Attaching appender named [STDOUT] to Logger[ROOT]
02:45:56,875 |-INFO in ch.qos.logback.core.model.processor.DefaultProcessor@6a9d5dff - End of configuration.
02:45:56,875 |-INFO in org.springframework.boot.logging.logback.SpringBootJoranConfigurator@3b08f438 - Registering current configuration as safe fallback point


  .   ____          _            __ _ _
 /\\ / ___'_ __ _ _(_)_ __  __ _ \ \ \ \
( ( )\___ | '_ | '_| | '_ \/ _` | \ \ \ \
 \\/  ___)| |_)| | | | | || (_| |  ) ) ) )
  '  |____| .__|_| |_|_| |_\__, | / / / /
 =========|_|==============|___/=/_/_/_/
 :: Spring Boot ::                (v3.1.1)

02:45:56.966 [INFO ] - Starting HowToEarthApplicationTests using Java 19.0.2 with PID 7284 (started by topenMacWin0330 in C:\Users\topenMacWin0330\IdeaProjects\HowToEarth)
02:45:56.967 [INFO ] - No active profile set, falling back to 1 default profile: "default"
02:45:58.330 [INFO ] - Adding welcome page: class path resource [static/index.html]
02:45:58.657 [INFO ] - Exposing 1 endpoint(s) beneath base path '/actuator'
02:45:58.713 [INFO ] - Started HowToEarthApplicationTests in 2.019 seconds (process running for 3.505)
Hello. WOrld!]]></system-out>
  <system-err><![CDATA[]]></system-err>
</testsuite>
