<?xml version="1.0" encoding="UTF-8"?>
<testsuite name="topen.khjs.howtoearth.HowToEarthApplicationTests" tests="1" skipped="0" failures="0" errors="0" timestamp="2023-11-23T16:31:57" hostname="DESKTOP-N7OQ2NL" time="1.004">
  <properties/>
  <testcase name="contextLoads()" classname="topen.khjs.howtoearth.HowToEarthApplicationTests" time="1.004"/>
  <system-out><![CDATA[01:31:54,078 |-INFO in ch.qos.logback.classic.LoggerContext[default] - This is logback-classic version 1.4.8
01:31:54,109 |-INFO in ch.qos.logback.classic.LoggerContext[default] - Could NOT find resource [logback-test.xml]
01:31:54,112 |-INFO in ch.qos.logback.classic.LoggerContext[default] - Found resource [logback.xml] at [file:/C:/Users/topenMacWin0330/IdeaProjects/HowToEarth/build/resources/main/logback.xml]
01:31:54,247 |-INFO in ch.qos.logback.classic.model.processor.ConfigurationModelHandler - Registering a new ReconfigureOnChangeTask ReconfigureOnChangeTask(born:1700757114245)
01:31:54,247 |-INFO in ch.qos.logback.classic.model.processor.ConfigurationModelHandler - Will scan for changes in [file:/C:/Users/topenMacWin0330/IdeaProjects/HowToEarth/build/resources/main/logback.xml] 
01:31:54,248 |-INFO in ch.qos.logback.classic.model.processor.ConfigurationModelHandler - Setting ReconfigureOnChangeTask scanning period to 30 seconds
01:31:54,252 |-INFO in ch.qos.logback.core.model.processor.AppenderModelHandler - Processing appender named [ROLLING]
01:31:54,253 |-INFO in ch.qos.logback.core.model.processor.AppenderModelHandler - About to instantiate appender of type [ch.qos.logback.core.rolling.RollingFileAppender]
01:31:54,292 |-INFO in c.q.l.core.rolling.TimeBasedRollingPolicy@1545077099 - No compression will be used
01:31:54,293 |-INFO in c.q.l.core.rolling.TimeBasedRollingPolicy@1545077099 - Will use the pattern ./log/logback/logback-%d{yyyy-MM-dd}.%i.log for the active file
01:31:54,296 |-INFO in ch.qos.logback.core.rolling.SizeAndTimeBasedFNATP@33aeca0b - The date pattern is 'yyyy-MM-dd' from file name pattern './log/logback/logback-%d{yyyy-MM-dd}.%i.log'.
01:31:54,296 |-INFO in ch.qos.logback.core.rolling.SizeAndTimeBasedFNATP@33aeca0b - Roll-over at midnight.
01:31:54,297 |-INFO in ch.qos.logback.core.rolling.SizeAndTimeBasedFNATP@33aeca0b - Setting initial period to 2023-11-23T16:31:54.296Z
01:31:54,297 |-WARN in ch.qos.logback.core.rolling.SizeAndTimeBasedFNATP@33aeca0b - SizeAndTimeBasedFNATP is deprecated. Use SizeAndTimeBasedRollingPolicy instead
01:31:54,297 |-WARN in ch.qos.logback.core.rolling.SizeAndTimeBasedFNATP@33aeca0b - For more information see http://logback.qos.ch/manual/appenders.html#SizeAndTimeBasedRollingPolicy
01:31:54,300 |-INFO in ch.qos.logback.core.model.processor.ImplicitModelHandler - Assuming default type [ch.qos.logback.classic.encoder.PatternLayoutEncoder] for [encoder] property
01:31:54,321 |-INFO in ch.qos.logback.core.rolling.RollingFileAppender[ROLLING] - Active log file name: ./log/logback/logback-2023-11-24.0.log
01:31:54,321 |-INFO in ch.qos.logback.core.rolling.RollingFileAppender[ROLLING] - File property is set to [null]
01:31:54,323 |-INFO in ch.qos.logback.core.model.processor.AppenderModelHandler - Processing appender named [STDOUT]
01:31:54,323 |-INFO in ch.qos.logback.core.model.processor.AppenderModelHandler - About to instantiate appender of type [ch.qos.logback.core.ConsoleAppender]
01:31:54,326 |-WARN in ch.qos.logback.core.ConsoleAppender[STDOUT] - This appender no longer admits a layout as a sub-component, set an encoder instead.
01:31:54,326 |-WARN in ch.qos.logback.core.ConsoleAppender[STDOUT] - To ensure compatibility, wrapping your layout in LayoutWrappingEncoder.
01:31:54,326 |-WARN in ch.qos.logback.core.ConsoleAppender[STDOUT] - See also http://logback.qos.ch/codes.html#layoutInsteadOfEncoder for details
01:31:54,326 |-INFO in ch.qos.logback.classic.model.processor.RootLoggerModelHandler - Setting level of ROOT logger to INFO
01:31:54,326 |-INFO in ch.qos.logback.core.model.processor.AppenderRefModelHandler - Attaching appender named [ROLLING] to Logger[ROOT]
01:31:54,327 |-INFO in ch.qos.logback.core.model.processor.AppenderRefModelHandler - Attaching appender named [STDOUT] to Logger[ROOT]
01:31:54,327 |-INFO in ch.qos.logback.core.model.processor.DefaultProcessor@43aaf813 - End of configuration.
01:31:54,327 |-INFO in ch.qos.logback.classic.joran.JoranConfigurator@57ac5227 - Registering current configuration as safe fallback point

01:31:54.450 [INFO ] - Could not detect default configuration classes for test class [topen.khjs.howtoearth.HowToEarthApplicationTests]: HowToEarthApplicationTests does not declare any static, non-private, non-final, nested classes annotated with @Configuration.
01:31:54.587 [INFO ] - Found @SpringBootConfiguration topen.khjs.howtoearth.HowToEarthApplication for test class topen.khjs.howtoearth.HowToEarthApplicationTests
01:31:54,078 |-INFO in ch.qos.logback.classic.LoggerContext[default] - This is logback-classic version 1.4.8
01:31:54,109 |-INFO in ch.qos.logback.classic.LoggerContext[default] - Could NOT find resource [logback-test.xml]
01:31:54,112 |-INFO in ch.qos.logback.classic.LoggerContext[default] - Found resource [logback.xml] at [file:/C:/Users/topenMacWin0330/IdeaProjects/HowToEarth/build/resources/main/logback.xml]
01:31:54,247 |-INFO in ch.qos.logback.classic.model.processor.ConfigurationModelHandler - Registering a new ReconfigureOnChangeTask ReconfigureOnChangeTask(born:1700757114245)
01:31:54,247 |-INFO in ch.qos.logback.classic.model.processor.ConfigurationModelHandler - Will scan for changes in [file:/C:/Users/topenMacWin0330/IdeaProjects/HowToEarth/build/resources/main/logback.xml] 
01:31:54,248 |-INFO in ch.qos.logback.classic.model.processor.ConfigurationModelHandler - Setting ReconfigureOnChangeTask scanning period to 30 seconds
01:31:54,252 |-INFO in ch.qos.logback.core.model.processor.AppenderModelHandler - Processing appender named [ROLLING]
01:31:54,253 |-INFO in ch.qos.logback.core.model.processor.AppenderModelHandler - About to instantiate appender of type [ch.qos.logback.core.rolling.RollingFileAppender]
01:31:54,292 |-INFO in c.q.l.core.rolling.TimeBasedRollingPolicy@1545077099 - No compression will be used
01:31:54,293 |-INFO in c.q.l.core.rolling.TimeBasedRollingPolicy@1545077099 - Will use the pattern ./log/logback/logback-%d{yyyy-MM-dd}.%i.log for the active file
01:31:54,296 |-INFO in ch.qos.logback.core.rolling.SizeAndTimeBasedFNATP@33aeca0b - The date pattern is 'yyyy-MM-dd' from file name pattern './log/logback/logback-%d{yyyy-MM-dd}.%i.log'.
01:31:54,296 |-INFO in ch.qos.logback.core.rolling.SizeAndTimeBasedFNATP@33aeca0b - Roll-over at midnight.
01:31:54,297 |-INFO in ch.qos.logback.core.rolling.SizeAndTimeBasedFNATP@33aeca0b - Setting initial period to 2023-11-23T16:31:54.296Z
01:31:54,297 |-WARN in ch.qos.logback.core.rolling.SizeAndTimeBasedFNATP@33aeca0b - SizeAndTimeBasedFNATP is deprecated. Use SizeAndTimeBasedRollingPolicy instead
01:31:54,297 |-WARN in ch.qos.logback.core.rolling.SizeAndTimeBasedFNATP@33aeca0b - For more information see http://logback.qos.ch/manual/appenders.html#SizeAndTimeBasedRollingPolicy
01:31:54,300 |-INFO in ch.qos.logback.core.model.processor.ImplicitModelHandler - Assuming default type [ch.qos.logback.classic.encoder.PatternLayoutEncoder] for [encoder] property
01:31:54,321 |-INFO in ch.qos.logback.core.rolling.RollingFileAppender[ROLLING] - Active log file name: ./log/logback/logback-2023-11-24.0.log
01:31:54,321 |-INFO in ch.qos.logback.core.rolling.RollingFileAppender[ROLLING] - File property is set to [null]
01:31:54,323 |-INFO in ch.qos.logback.core.model.processor.AppenderModelHandler - Processing appender named [STDOUT]
01:31:54,323 |-INFO in ch.qos.logback.core.model.processor.AppenderModelHandler - About to instantiate appender of type [ch.qos.logback.core.ConsoleAppender]
01:31:54,326 |-WARN in ch.qos.logback.core.ConsoleAppender[STDOUT] - This appender no longer admits a layout as a sub-component, set an encoder instead.
01:31:54,326 |-WARN in ch.qos.logback.core.ConsoleAppender[STDOUT] - To ensure compatibility, wrapping your layout in LayoutWrappingEncoder.
01:31:54,326 |-WARN in ch.qos.logback.core.ConsoleAppender[STDOUT] - See also http://logback.qos.ch/codes.html#layoutInsteadOfEncoder for details
01:31:54,326 |-INFO in ch.qos.logback.classic.model.processor.RootLoggerModelHandler - Setting level of ROOT logger to INFO
01:31:54,326 |-INFO in ch.qos.logback.core.model.processor.AppenderRefModelHandler - Attaching appender named [ROLLING] to Logger[ROOT]
01:31:54,327 |-INFO in ch.qos.logback.core.model.processor.AppenderRefModelHandler - Attaching appender named [STDOUT] to Logger[ROOT]
01:31:54,327 |-INFO in ch.qos.logback.core.model.processor.DefaultProcessor@43aaf813 - End of configuration.
01:31:54,327 |-INFO in ch.qos.logback.classic.joran.JoranConfigurator@57ac5227 - Registering current configuration as safe fallback point
01:31:54,963 |-INFO in ch.qos.logback.classic.model.processor.ConfigurationModelHandler - Registering a new ReconfigureOnChangeTask ReconfigureOnChangeTask(born:1700757114963)
01:31:54,963 |-INFO in ch.qos.logback.classic.model.processor.ConfigurationModelHandler - Will scan for changes in [file:/C:/Users/topenMacWin0330/IdeaProjects/HowToEarth/build/resources/main/logback.xml] 
01:31:54,963 |-INFO in ch.qos.logback.classic.model.processor.ConfigurationModelHandler - Setting ReconfigureOnChangeTask scanning period to 30 seconds
01:31:54,963 |-INFO in ch.qos.logback.core.model.processor.AppenderModelHandler - Processing appender named [ROLLING]
01:31:54,963 |-INFO in ch.qos.logback.core.model.processor.AppenderModelHandler - About to instantiate appender of type [ch.qos.logback.core.rolling.RollingFileAppender]
01:31:54,964 |-INFO in c.q.l.core.rolling.TimeBasedRollingPolicy@1788698111 - No compression will be used
01:31:54,965 |-INFO in c.q.l.core.rolling.TimeBasedRollingPolicy@1788698111 - Will use the pattern ./log/logback/logback-%d{yyyy-MM-dd}.%i.log for the active file
01:31:54,965 |-INFO in ch.qos.logback.core.rolling.SizeAndTimeBasedFNATP@3b08f438 - The date pattern is 'yyyy-MM-dd' from file name pattern './log/logback/logback-%d{yyyy-MM-dd}.%i.log'.
01:31:54,965 |-INFO in ch.qos.logback.core.rolling.SizeAndTimeBasedFNATP@3b08f438 - Roll-over at midnight.
01:31:54,965 |-INFO in ch.qos.logback.core.rolling.SizeAndTimeBasedFNATP@3b08f438 - Setting initial period to 2023-11-23T16:31:54.965Z
01:31:54,965 |-WARN in ch.qos.logback.core.rolling.SizeAndTimeBasedFNATP@3b08f438 - SizeAndTimeBasedFNATP is deprecated. Use SizeAndTimeBasedRollingPolicy instead
01:31:54,965 |-WARN in ch.qos.logback.core.rolling.SizeAndTimeBasedFNATP@3b08f438 - For more information see http://logback.qos.ch/manual/appenders.html#SizeAndTimeBasedRollingPolicy
01:31:54,966 |-INFO in ch.qos.logback.core.model.processor.ImplicitModelHandler - Assuming default type [ch.qos.logback.classic.encoder.PatternLayoutEncoder] for [encoder] property
01:31:54,966 |-INFO in ch.qos.logback.core.rolling.RollingFileAppender[ROLLING] - Active log file name: ./log/logback/logback-2023-11-24.0.log
01:31:54,966 |-INFO in ch.qos.logback.core.rolling.RollingFileAppender[ROLLING] - File property is set to [null]
01:31:54,967 |-INFO in ch.qos.logback.core.model.processor.AppenderModelHandler - Processing appender named [STDOUT]
01:31:54,967 |-INFO in ch.qos.logback.core.model.processor.AppenderModelHandler - About to instantiate appender of type [ch.qos.logback.core.ConsoleAppender]
01:31:54,967 |-WARN in ch.qos.logback.core.ConsoleAppender[STDOUT] - This appender no longer admits a layout as a sub-component, set an encoder instead.
01:31:54,967 |-WARN in ch.qos.logback.core.ConsoleAppender[STDOUT] - To ensure compatibility, wrapping your layout in LayoutWrappingEncoder.
01:31:54,967 |-WARN in ch.qos.logback.core.ConsoleAppender[STDOUT] - See also http://logback.qos.ch/codes.html#layoutInsteadOfEncoder for details
01:31:54,967 |-INFO in ch.qos.logback.classic.model.processor.RootLoggerModelHandler - Setting level of ROOT logger to INFO
01:31:54,968 |-INFO in ch.qos.logback.classic.jul.LevelChangePropagator@2bac9ba - Propagating INFO level on Logger[ROOT] onto the JUL framework
01:31:54,968 |-INFO in ch.qos.logback.core.model.processor.AppenderRefModelHandler - Attaching appender named [ROLLING] to Logger[ROOT]
01:31:54,968 |-INFO in ch.qos.logback.core.model.processor.AppenderRefModelHandler - Attaching appender named [STDOUT] to Logger[ROOT]
01:31:54,968 |-INFO in ch.qos.logback.core.model.processor.DefaultProcessor@5b2f8ab6 - End of configuration.
01:31:54,968 |-INFO in org.springframework.boot.logging.logback.SpringBootJoranConfigurator@5bdd5689 - Registering current configuration as safe fallback point


  .   ____          _            __ _ _
 /\\ / ___'_ __ _ _(_)_ __  __ _ \ \ \ \
( ( )\___ | '_ | '_| | '_ \/ _` | \ \ \ \
 \\/  ___)| |_)| | | | | || (_| |  ) ) ) )
  '  |____| .__|_| |_|_| |_\__, | / / / /
 =========|_|==============|___/=/_/_/_/
 :: Spring Boot ::                (v3.1.1)

01:31:55.068 [INFO ] - Starting HowToEarthApplicationTests using Java 19.0.2 with PID 7344 (started by topenMacWin0330 in C:\Users\topenMacWin0330\IdeaProjects\HowToEarth)
01:31:55.069 [INFO ] - No active profile set, falling back to 1 default profile: "default"
01:31:56.558 [INFO ] - Adding welcome page: class path resource [static/index.html]
01:31:56.924 [INFO ] - Exposing 1 endpoint(s) beneath base path '/actuator'
01:31:56.984 [INFO ] - Started HowToEarthApplicationTests in 2.21 seconds (process running for 3.83)
Hello. WOrld!]]></system-out>
  <system-err><![CDATA[]]></system-err>
</testsuite>
