<?xml version="1.0" encoding="UTF-8"?>
<testsuite name="topen.khjs.howtoearth.HowToEarthApplicationTests" tests="1" skipped="0" failures="0" errors="0" timestamp="2023-11-23T16:24:04" hostname="DESKTOP-N7OQ2NL" time="1.186">
  <properties/>
  <testcase name="contextLoads()" classname="topen.khjs.howtoearth.HowToEarthApplicationTests" time="1.186"/>
  <system-out><![CDATA[01:24:01,399 |-INFO in ch.qos.logback.classic.LoggerContext[default] - This is logback-classic version 1.4.8
01:24:01,544 |-INFO in ch.qos.logback.classic.LoggerContext[default] - Could NOT find resource [logback-test.xml]
01:24:01,548 |-INFO in ch.qos.logback.classic.LoggerContext[default] - Found resource [logback.xml] at [file:/C:/Users/topenMacWin0330/IdeaProjects/HowToEarth/build/resources/main/logback.xml]
01:24:02,053 |-INFO in ch.qos.logback.classic.model.processor.ConfigurationModelHandler - Registering a new ReconfigureOnChangeTask ReconfigureOnChangeTask(born:1700756642050)
01:24:02,053 |-INFO in ch.qos.logback.classic.model.processor.ConfigurationModelHandler - Will scan for changes in [file:/C:/Users/topenMacWin0330/IdeaProjects/HowToEarth/build/resources/main/logback.xml] 
01:24:02,053 |-INFO in ch.qos.logback.classic.model.processor.ConfigurationModelHandler - Setting ReconfigureOnChangeTask scanning period to 30 seconds
01:24:02,059 |-INFO in ch.qos.logback.core.model.processor.AppenderModelHandler - Processing appender named [ROLLING]
01:24:02,059 |-INFO in ch.qos.logback.core.model.processor.AppenderModelHandler - About to instantiate appender of type [ch.qos.logback.core.rolling.RollingFileAppender]
01:24:02,102 |-INFO in c.q.l.core.rolling.TimeBasedRollingPolicy@1545077099 - No compression will be used
01:24:02,104 |-INFO in c.q.l.core.rolling.TimeBasedRollingPolicy@1545077099 - Will use the pattern ./log/logback/logback-%d{yyyy-MM-dd}.%i.log for the active file
01:24:02,109 |-INFO in ch.qos.logback.core.rolling.SizeAndTimeBasedFNATP@33aeca0b - The date pattern is 'yyyy-MM-dd' from file name pattern './log/logback/logback-%d{yyyy-MM-dd}.%i.log'.
01:24:02,109 |-INFO in ch.qos.logback.core.rolling.SizeAndTimeBasedFNATP@33aeca0b - Roll-over at midnight.
01:24:02,110 |-INFO in ch.qos.logback.core.rolling.SizeAndTimeBasedFNATP@33aeca0b - Setting initial period to 2023-11-23T16:24:02.109Z
01:24:02,110 |-WARN in ch.qos.logback.core.rolling.SizeAndTimeBasedFNATP@33aeca0b - SizeAndTimeBasedFNATP is deprecated. Use SizeAndTimeBasedRollingPolicy instead
01:24:02,110 |-WARN in ch.qos.logback.core.rolling.SizeAndTimeBasedFNATP@33aeca0b - For more information see http://logback.qos.ch/manual/appenders.html#SizeAndTimeBasedRollingPolicy
01:24:02,113 |-INFO in ch.qos.logback.core.model.processor.ImplicitModelHandler - Assuming default type [ch.qos.logback.classic.encoder.PatternLayoutEncoder] for [encoder] property
01:24:02,139 |-INFO in ch.qos.logback.core.rolling.RollingFileAppender[ROLLING] - Active log file name: ./log/logback/logback-2023-11-24.0.log
01:24:02,140 |-INFO in ch.qos.logback.core.rolling.RollingFileAppender[ROLLING] - File property is set to [null]
01:24:02,141 |-INFO in ch.qos.logback.core.model.processor.AppenderModelHandler - Processing appender named [STDOUT]
01:24:02,141 |-INFO in ch.qos.logback.core.model.processor.AppenderModelHandler - About to instantiate appender of type [ch.qos.logback.core.ConsoleAppender]
01:24:02,144 |-WARN in ch.qos.logback.core.ConsoleAppender[STDOUT] - This appender no longer admits a layout as a sub-component, set an encoder instead.
01:24:02,144 |-WARN in ch.qos.logback.core.ConsoleAppender[STDOUT] - To ensure compatibility, wrapping your layout in LayoutWrappingEncoder.
01:24:02,144 |-WARN in ch.qos.logback.core.ConsoleAppender[STDOUT] - See also http://logback.qos.ch/codes.html#layoutInsteadOfEncoder for details
01:24:02,144 |-INFO in ch.qos.logback.classic.model.processor.RootLoggerModelHandler - Setting level of ROOT logger to INFO
01:24:02,144 |-INFO in ch.qos.logback.core.model.processor.AppenderRefModelHandler - Attaching appender named [ROLLING] to Logger[ROOT]
01:24:02,145 |-INFO in ch.qos.logback.core.model.processor.AppenderRefModelHandler - Attaching appender named [STDOUT] to Logger[ROOT]
01:24:02,145 |-INFO in ch.qos.logback.core.model.processor.DefaultProcessor@43aaf813 - End of configuration.
01:24:02,146 |-INFO in ch.qos.logback.classic.joran.JoranConfigurator@57ac5227 - Registering current configuration as safe fallback point

01:24:02.266 [INFO ] - Could not detect default configuration classes for test class [topen.khjs.howtoearth.HowToEarthApplicationTests]: HowToEarthApplicationTests does not declare any static, non-private, non-final, nested classes annotated with @Configuration.
01:24:02.437 [INFO ] - Found @SpringBootConfiguration topen.khjs.howtoearth.HowToEarthApplication for test class topen.khjs.howtoearth.HowToEarthApplicationTests
01:24:01,399 |-INFO in ch.qos.logback.classic.LoggerContext[default] - This is logback-classic version 1.4.8
01:24:01,544 |-INFO in ch.qos.logback.classic.LoggerContext[default] - Could NOT find resource [logback-test.xml]
01:24:01,548 |-INFO in ch.qos.logback.classic.LoggerContext[default] - Found resource [logback.xml] at [file:/C:/Users/topenMacWin0330/IdeaProjects/HowToEarth/build/resources/main/logback.xml]
01:24:02,053 |-INFO in ch.qos.logback.classic.model.processor.ConfigurationModelHandler - Registering a new ReconfigureOnChangeTask ReconfigureOnChangeTask(born:1700756642050)
01:24:02,053 |-INFO in ch.qos.logback.classic.model.processor.ConfigurationModelHandler - Will scan for changes in [file:/C:/Users/topenMacWin0330/IdeaProjects/HowToEarth/build/resources/main/logback.xml] 
01:24:02,053 |-INFO in ch.qos.logback.classic.model.processor.ConfigurationModelHandler - Setting ReconfigureOnChangeTask scanning period to 30 seconds
01:24:02,059 |-INFO in ch.qos.logback.core.model.processor.AppenderModelHandler - Processing appender named [ROLLING]
01:24:02,059 |-INFO in ch.qos.logback.core.model.processor.AppenderModelHandler - About to instantiate appender of type [ch.qos.logback.core.rolling.RollingFileAppender]
01:24:02,102 |-INFO in c.q.l.core.rolling.TimeBasedRollingPolicy@1545077099 - No compression will be used
01:24:02,104 |-INFO in c.q.l.core.rolling.TimeBasedRollingPolicy@1545077099 - Will use the pattern ./log/logback/logback-%d{yyyy-MM-dd}.%i.log for the active file
01:24:02,109 |-INFO in ch.qos.logback.core.rolling.SizeAndTimeBasedFNATP@33aeca0b - The date pattern is 'yyyy-MM-dd' from file name pattern './log/logback/logback-%d{yyyy-MM-dd}.%i.log'.
01:24:02,109 |-INFO in ch.qos.logback.core.rolling.SizeAndTimeBasedFNATP@33aeca0b - Roll-over at midnight.
01:24:02,110 |-INFO in ch.qos.logback.core.rolling.SizeAndTimeBasedFNATP@33aeca0b - Setting initial period to 2023-11-23T16:24:02.109Z
01:24:02,110 |-WARN in ch.qos.logback.core.rolling.SizeAndTimeBasedFNATP@33aeca0b - SizeAndTimeBasedFNATP is deprecated. Use SizeAndTimeBasedRollingPolicy instead
01:24:02,110 |-WARN in ch.qos.logback.core.rolling.SizeAndTimeBasedFNATP@33aeca0b - For more information see http://logback.qos.ch/manual/appenders.html#SizeAndTimeBasedRollingPolicy
01:24:02,113 |-INFO in ch.qos.logback.core.model.processor.ImplicitModelHandler - Assuming default type [ch.qos.logback.classic.encoder.PatternLayoutEncoder] for [encoder] property
01:24:02,139 |-INFO in ch.qos.logback.core.rolling.RollingFileAppender[ROLLING] - Active log file name: ./log/logback/logback-2023-11-24.0.log
01:24:02,140 |-INFO in ch.qos.logback.core.rolling.RollingFileAppender[ROLLING] - File property is set to [null]
01:24:02,141 |-INFO in ch.qos.logback.core.model.processor.AppenderModelHandler - Processing appender named [STDOUT]
01:24:02,141 |-INFO in ch.qos.logback.core.model.processor.AppenderModelHandler - About to instantiate appender of type [ch.qos.logback.core.ConsoleAppender]
01:24:02,144 |-WARN in ch.qos.logback.core.ConsoleAppender[STDOUT] - This appender no longer admits a layout as a sub-component, set an encoder instead.
01:24:02,144 |-WARN in ch.qos.logback.core.ConsoleAppender[STDOUT] - To ensure compatibility, wrapping your layout in LayoutWrappingEncoder.
01:24:02,144 |-WARN in ch.qos.logback.core.ConsoleAppender[STDOUT] - See also http://logback.qos.ch/codes.html#layoutInsteadOfEncoder for details
01:24:02,144 |-INFO in ch.qos.logback.classic.model.processor.RootLoggerModelHandler - Setting level of ROOT logger to INFO
01:24:02,144 |-INFO in ch.qos.logback.core.model.processor.AppenderRefModelHandler - Attaching appender named [ROLLING] to Logger[ROOT]
01:24:02,145 |-INFO in ch.qos.logback.core.model.processor.AppenderRefModelHandler - Attaching appender named [STDOUT] to Logger[ROOT]
01:24:02,145 |-INFO in ch.qos.logback.core.model.processor.DefaultProcessor@43aaf813 - End of configuration.
01:24:02,146 |-INFO in ch.qos.logback.classic.joran.JoranConfigurator@57ac5227 - Registering current configuration as safe fallback point
01:24:02,855 |-INFO in ch.qos.logback.classic.model.processor.ConfigurationModelHandler - Registering a new ReconfigureOnChangeTask ReconfigureOnChangeTask(born:1700756642855)
01:24:02,855 |-INFO in ch.qos.logback.classic.model.processor.ConfigurationModelHandler - Will scan for changes in [file:/C:/Users/topenMacWin0330/IdeaProjects/HowToEarth/build/resources/main/logback.xml] 
01:24:02,855 |-INFO in ch.qos.logback.classic.model.processor.ConfigurationModelHandler - Setting ReconfigureOnChangeTask scanning period to 30 seconds
01:24:02,855 |-INFO in ch.qos.logback.core.model.processor.AppenderModelHandler - Processing appender named [ROLLING]
01:24:02,855 |-INFO in ch.qos.logback.core.model.processor.AppenderModelHandler - About to instantiate appender of type [ch.qos.logback.core.rolling.RollingFileAppender]
01:24:02,856 |-INFO in c.q.l.core.rolling.TimeBasedRollingPolicy@1799831668 - No compression will be used
01:24:02,856 |-INFO in c.q.l.core.rolling.TimeBasedRollingPolicy@1799831668 - Will use the pattern ./log/logback/logback-%d{yyyy-MM-dd}.%i.log for the active file
01:24:02,856 |-INFO in ch.qos.logback.core.rolling.SizeAndTimeBasedFNATP@108531c2 - The date pattern is 'yyyy-MM-dd' from file name pattern './log/logback/logback-%d{yyyy-MM-dd}.%i.log'.
01:24:02,856 |-INFO in ch.qos.logback.core.rolling.SizeAndTimeBasedFNATP@108531c2 - Roll-over at midnight.
01:24:02,857 |-INFO in ch.qos.logback.core.rolling.SizeAndTimeBasedFNATP@108531c2 - Setting initial period to 2023-11-23T16:24:02.857Z
01:24:02,857 |-WARN in ch.qos.logback.core.rolling.SizeAndTimeBasedFNATP@108531c2 - SizeAndTimeBasedFNATP is deprecated. Use SizeAndTimeBasedRollingPolicy instead
01:24:02,857 |-WARN in ch.qos.logback.core.rolling.SizeAndTimeBasedFNATP@108531c2 - For more information see http://logback.qos.ch/manual/appenders.html#SizeAndTimeBasedRollingPolicy
01:24:02,857 |-INFO in ch.qos.logback.core.model.processor.ImplicitModelHandler - Assuming default type [ch.qos.logback.classic.encoder.PatternLayoutEncoder] for [encoder] property
01:24:02,858 |-INFO in ch.qos.logback.core.rolling.RollingFileAppender[ROLLING] - Active log file name: ./log/logback/logback-2023-11-24.0.log
01:24:02,858 |-INFO in ch.qos.logback.core.rolling.RollingFileAppender[ROLLING] - File property is set to [null]
01:24:02,858 |-INFO in ch.qos.logback.core.model.processor.AppenderModelHandler - Processing appender named [STDOUT]
01:24:02,858 |-INFO in ch.qos.logback.core.model.processor.AppenderModelHandler - About to instantiate appender of type [ch.qos.logback.core.ConsoleAppender]
01:24:02,859 |-WARN in ch.qos.logback.core.ConsoleAppender[STDOUT] - This appender no longer admits a layout as a sub-component, set an encoder instead.
01:24:02,859 |-WARN in ch.qos.logback.core.ConsoleAppender[STDOUT] - To ensure compatibility, wrapping your layout in LayoutWrappingEncoder.
01:24:02,859 |-WARN in ch.qos.logback.core.ConsoleAppender[STDOUT] - See also http://logback.qos.ch/codes.html#layoutInsteadOfEncoder for details
01:24:02,859 |-INFO in ch.qos.logback.classic.model.processor.RootLoggerModelHandler - Setting level of ROOT logger to INFO
01:24:02,859 |-INFO in ch.qos.logback.classic.jul.LevelChangePropagator@48b22fd4 - Propagating INFO level on Logger[ROOT] onto the JUL framework
01:24:02,860 |-INFO in ch.qos.logback.core.model.processor.AppenderRefModelHandler - Attaching appender named [ROLLING] to Logger[ROOT]
01:24:02,860 |-INFO in ch.qos.logback.core.model.processor.AppenderRefModelHandler - Attaching appender named [STDOUT] to Logger[ROOT]
01:24:02,860 |-INFO in ch.qos.logback.core.model.processor.DefaultProcessor@6a9d5dff - End of configuration.
01:24:02,860 |-INFO in org.springframework.boot.logging.logback.SpringBootJoranConfigurator@3b08f438 - Registering current configuration as safe fallback point


  .   ____          _            __ _ _
 /\\ / ___'_ __ _ _(_)_ __  __ _ \ \ \ \
( ( )\___ | '_ | '_| | '_ \/ _` | \ \ \ \
 \\/  ___)| |_)| | | | | || (_| |  ) ) ) )
  '  |____| .__|_| |_|_| |_\__, | / / / /
 =========|_|==============|___/=/_/_/_/
 :: Spring Boot ::                (v3.1.1)

01:24:02.942 [INFO ] - Starting HowToEarthApplicationTests using Java 19.0.2 with PID 16316 (started by topenMacWin0330 in C:\Users\topenMacWin0330\IdeaProjects\HowToEarth)
01:24:02.943 [INFO ] - No active profile set, falling back to 1 default profile: "default"
01:24:04.405 [INFO ] - Adding welcome page: class path resource [static/index.html]
01:24:04.768 [INFO ] - Exposing 1 endpoint(s) beneath base path '/actuator'
01:24:04.848 [INFO ] - Started HowToEarthApplicationTests in 2.195 seconds (process running for 4.488)
Hello. WOrld!]]></system-out>
  <system-err><![CDATA[]]></system-err>
</testsuite>
